desc: I1 cache:         32768 B, 64 B, 8-way associative
desc: D1 cache:         32768 B, 64 B, 8-way associative
desc: LL cache:         31457280 B, 64 B, 30-way associative
cmd: ./benchmark_tensor naive kji_order
events: Ir I1mr ILmr Dr D1mr DLmr Dw D1mw DLmw 
fl=???
fn=(below main)
0 60 5 5 17 6 0 16 1 0
fn=???
0 2531 196 175 1538 162 10 489 25 14
fn=_Exit
0 8 2 2 1 1 0 0 0 0
fn=_GLOBAL__sub_I__Z16tensor_rand_moveP13tensor_walker
0 8 2 2 0 0 0 1 0 0
fn=_GLOBAL__sub_I__ZN13tensor_walker4sizeEv
0 8 0 0 0 0 0 1 0 0
fn=_IO_cleanup
0 146 14 14 46 0 0 26 0 0
fn=_IO_default_setbuf
0 51 5 5 9 0 0 15 0 0
fn=_IO_default_xsputn
0 393 4 4 104 1 1 25 0 0
fn=_IO_do_write@@GLIBC_2.2.5
0 23 1 1 5 0 0 2 0 0
fn=_IO_doallocbuf
0 47 3 3 15 1 0 10 1 0
fn=_IO_file_doallocate
0 63 5 5 14 1 0 7 0 0
fn=_IO_file_overflow@@GLIBC_2.2.5
0 790 7 7 211 0 0 132 1 1
fn=_IO_file_setbuf@@GLIBC_2.2.5
0 15 1 1 3 0 0 8 0 0
fn=_IO_file_stat
0 4 1 1 1 0 0 0 0 0
fn=_IO_file_sync@@GLIBC_2.2.5
0 136 3 3 56 1 0 24 0 0
fn=_IO_file_write@@GLIBC_2.2.5
0 111 2 2 27 0 0 18 1 0
fn=_IO_file_xsputn@@GLIBC_2.2.5
0 187 6 6 42 2 1 24 1 0
fn=_IO_flush_all_lockp
0 114 10 10 34 5 2 20 0 0
fn=_IO_setb
0 18 1 1 4 0 0 4 0 0
fn=__GI___tunables_init
0 7011 7 7 1439 20 20 6 1 1
fn=__acos_finite
0 5 1 1 3 0 0 0 0 0
fn=__asin_finite
0 5 0 0 3 0 0 0 0 0
fn=__atan2_finite
0 8 2 2 3 0 0 0 0 0
fn=__call_tls_dtors
0 11 2 2 5 2 0 2 0 0
fn=__cpu_indicator_init
0 63 6 6 6 2 1 5 0 0
fn=__ctype_init
0 16 2 2 10 4 0 3 0 0
fn=__cxa_atexit
0 176 3 2 40 0 0 64 4 0
fn=__cxa_finalize
0 400 5 5 103 3 0 29 0 0
fn=__cxa_guard_acquire
0 30 2 2 12 1 0 6 0 0
fn=__cxa_guard_release
0 14 2 2 5 0 0 3 0 0
fn=__cxxabiv1::__si_class_type_info::__do_dyncast(long, __cxxabiv1::__class_type_info::__sub_kind, __cxxabiv1::__class_type_info const*, void const*, __cxxabiv1::__class_type_info const*, void const*, __cxxabiv1::__class_type_info::__dyncast_result&) const
0 1320 4 4 440 0 0 360 0 0
fn=__cxxabiv1::__vmi_class_type_info::__do_dyncast(long, __cxxabiv1::__class_type_info::__sub_kind, __cxxabiv1::__class_type_info const*, void const*, __cxxabiv1::__class_type_info const*, void const*, __cxxabiv1::__class_type_info::__dyncast_result&) const
0 536 6 6 208 3 1 152 0 0
fn=__default_morecore
0 14 1 1 2 0 0 2 0 0
fn=__dynamic_cast
0 2592 5 5 912 19 0 624 0 0
fn=__exp_finite
0 8 1 1 3 0 0 0 0 0
fn=__gconv_btwoc_ascii
0 640 1 1 128 0 0 0 0 0
fn=__gnu_cxx::stdio_sync_filebuf<char, std::char_traits<char> >::overflow(int)
0 6 1 1 1 0 0 0 0 0
fn=__gnu_cxx::stdio_sync_filebuf<char, std::char_traits<char> >::sync()
0 8 1 1 4 2 0 0 0 0
fn=__gnu_cxx::stdio_sync_filebuf<char, std::char_traits<char> >::xsputn(char const*, long)
0 5 1 1 1 1 0 0 0 0
fn=__gnu_cxx::stdio_sync_filebuf<wchar_t, std::char_traits<wchar_t> >::sync()
0 6 0 0 3 2 0 0 0 0
fn=__init_misc
0 24 2 2 7 1 0 5 1 0
fn=__libc_csu_init
0 47 3 3 10 3 1 10 0 0
fn=__libc_scratch_buffer_set_array_size
0 90 2 2 25 0 0 15 0 0
fn=__log_finite
0 8 1 1 3 0 0 0 0 0
fn=__memcmp_avx2_movbe
0 1103 8 8 264 0 0 0 0 0
fn=__new_exitfn
0 331 8 6 88 16 3 33 1 0
fn=__overflow
0 17 2 2 4 0 0 1 0 0
fn=__pow_finite
0 5 1 1 3 0 0 0 0 0
fn=__run_exit_handlers
0 167 5 5 24 7 0 19 0 0
fn=__sigjmp_save
0 8 0 0 2 0 0 2 0 0
fn=__sigsetjmp
0 279 5 5 69 0 0 112 2 1
fn=__strcmp_sse2_unaligned
0 189 2 2 45 3 2 0 0 0
fn=__strlen_avx2
0 1196 3 3 142 4 4 0 0 0
fn=__strrchr_avx2
0 27 4 4 2 1 0 0 0 0
fn=__tunable_get_val
0 361 4 3 80 11 0 20 0 0
fn=__unregister_atfork
0 64 2 2 28 0 0 12 0 0
fn=_dl_add_to_namespace_list
0 244 3 3 68 0 0 47 0 0
fn=_dl_add_to_slotinfo
0 40 2 2 16 5 0 10 2 0
fn=_dl_addr
0 58459 7 7 14023 1065 867 17 2 0
fn=_dl_allocate_tls_init
0 148 8 8 44 4 0 22 1 1
fn=_dl_allocate_tls_storage
0 323 3 3 6 0 0 295 37 37
fn=_dl_cache_libcmp
0 2750 3 3 433 24 24 0 0 0
fn=_dl_catch_error
0 481 3 3 117 0 0 234 5 5
fn=_dl_check_all_versions
0 110 2 2 19 0 0 11 0 0
fn=_dl_check_map_versions
0 4969 13 13 1589 23 20 606 52 49
fn=_dl_count_modids
0 4 1 1 3 0 0 0 0 0
fn=_dl_debug_initialize
0 65 4 3 22 0 0 4 0 0
fn=_dl_debug_state
0 2 0 0 2 0 0 0 0 0
fn=_dl_determine_tlsoffset
0 98 6 6 18 0 0 10 0 0
fn=_dl_discover_osversion
0 95 4 4 14 1 1 4 1 1
fn=_dl_find_dso_for_object
0 63 4 4 26 2 0 4 0 0
fn=_dl_fini
0 424 9 9 140 40 0 49 6 0
fn=_dl_fixup
0 6926 6 6 2516 337 44 543 0 0
fn=_dl_higher_prime_number
0 151 1 1 14 2 1 0 0 0
fn=_dl_important_hwcaps
0 567 20 20 90 0 0 70 4 4
fn=_dl_init
0 118 4 4 33 6 0 15 1 0
fn=_dl_init_paths
0 147 9 9 13 0 0 45 5 5
fn=_dl_load_cache_lookup
0 1157 17 17 182 24 24 130 2 2
fn=_dl_lookup_symbol_x
0 925087 11 11 152615 1912 1594 51169 24 1
fn=_dl_map_object
0 2281 23 23 514 1 1 300 10 10
fn=_dl_map_object_deps
0 2745 36 36 558 10 2 225 10 10
fn=_dl_map_object_from_fd
0 4473 49 49 1056 44 44 499 52 52
fn=_dl_mcount_wrapper_check
0 512 2 2 384 0 0 0 0 0
fn=_dl_name_match_p
0 10088 3 3 2610 55 0 1500 1 0
fn=_dl_new_object
0 1147 12 12 211 7 7 226 44 44
fn=_dl_next_ld_env_entry
0 160 2 2 57 0 0 1 0 0
fn=_dl_next_tls_modid
0 12 1 1 6 0 0 2 0 0
fn=_dl_protect_relro
0 147 2 2 42 3 0 14 0 0
fn=_dl_receive_error
0 15 1 1 5 0 0 7 0 0
fn=_dl_relocate_object
0 334857 51 51 85729 5348 3898 27728 1578 876
fn=_dl_runtime_resolve_xsave
0 3600 4 4 4320 3 0 4500 42 3
fn=_dl_setup_hash
0 161 2 2 49 9 9 42 1 1
fn=_dl_sort_fini
0 601 7 7 160 5 0 34 0 0
fn=_dl_start
0 939 21 19 225 34 32 79 32 31
fn=_dl_sysdep_read_whole_file
0 41 3 3 6 1 1 9 2 2
fn=_dl_sysdep_start
0 508 31 30 118 16 14 67 5 5
fn=_dl_sysdep_start_cleanup
0 1 1 0 1 0 0 0 0 0
fn=_dl_unload_cache
0 10 1 1 3 1 0 2 0 0
fn=_dl_vdso_vsym
0 68 3 2 24 2 0 4 0 0
fn=_fxstat
0 63 3 3 7 0 0 0 0 0
fn=_init
0 102 6 6 18 5 0 17 3 2
fn=_int_malloc
0 804 37 22 114 10 1 134 4 3
fn=_setjmp
0 2 1 1 0 0 0 0 0 0
fn=_start
0 11 1 1 2 1 0 3 0 0
fn=access
0 9 1 1 1 0 0 1 0 0
fn=allocate_dtv
0 19 2 2 4 0 0 5 1 1
fn=bcmp
0 62 8 6 15 2 1 0 0 0
fn=bool std::has_facet<std::ctype<char> >(std::locale const&)
0 84 2 2 36 0 0 12 0 0
fn=bool std::has_facet<std::ctype<wchar_t> >(std::locale const&)
0 84 2 2 36 1 0 12 0 0
fn=bool std::has_facet<std::num_get<char, std::istreambuf_iterator<char, std::char_traits<char> > > >(std::locale const&)
0 84 2 2 36 1 0 12 0 0
fn=bool std::has_facet<std::num_get<wchar_t, std::istreambuf_iterator<wchar_t, std::char_traits<wchar_t> > > >(std::locale const&)
0 84 1 1 36 1 0 12 0 0
fn=bool std::has_facet<std::num_put<char, std::ostreambuf_iterator<char, std::char_traits<char> > > >(std::locale const&)
0 84 2 2 36 2 0 12 0 0
fn=bool std::has_facet<std::num_put<wchar_t, std::ostreambuf_iterator<wchar_t, std::char_traits<wchar_t> > > >(std::locale const&)
0 84 2 2 36 0 0 12 0 0
fn=brk
0 35 2 2 5 0 0 3 1 1
fn=btowc
0 9216 4 4 2944 5 0 1280 0 0
fn=call_init.part.0
0 382 5 5 122 26 0 59 0 0
fn=calloc
0 136 1 1 0 0 0 0 0 0
fn=ceil
0 5 1 1 3 0 0 0 0 0
fn=ceilf
0 5 2 2 3 0 0 0 0 0
fn=check_match
0 112581 7 6 38250 368 196 12778 17 1
fn=check_stdfiles_vtables
0 11 3 3 7 3 0 0 0 0
fn=close
0 36 1 1 6 0 0 0 0 0
fn=cos
0 8 2 2 3 0 0 0 0 0
fn=dl_main
0 1168 70 70 281 42 22 137 17 16
fn=do_lookup_x
0 608944 33 33 193834 3886 779 90014 69 40
fn=do_preload
0 28 2 2 7 0 0 8 0 0
fn=dso_name_valid_for_suid
0 14 2 2 5 0 0 2 0 0
fn=exit
0 5 1 1 0 0 0 1 0 0
fn=expand_dynamic_string_token
0 20 2 2 5 0 0 6 0 0
fn=fflush
0 350 4 4 126 9 0 35 0 0
fn=floor
0 5 1 1 3 0 0 0 0 0
fn=floorf
0 5 1 1 3 0 0 0 0 0
fn=free
0 28 1 1 14 0 0 0 0 0
fn=fwrite
0 220 6 6 69 15 2 29 1 0
fn=get_common_indeces.constprop.1
0 85 8 8 9 1 1 17 0 0
fn=gettimeofday
0 60 3 3 5 0 0 4 0 0
fn=handle_intel.constprop.1
0 177 5 5 36 0 0 45 0 0
fn=handle_ld_preload
0 47 3 3 9 0 0 10 1 1
fn=index
0 610 8 8 78 5 5 0 0 0
fn=init_cacheinfo
0 247 15 15 20 1 0 21 3 3
fn=init_tls
0 97 5 5 21 6 1 14 1 1
fn=intel_check_word.isra.0
0 1305 9 9 111 6 6 24 0 0
fn=main
0 78 7 7 26 7 2 12 0 0
fn=malloc
0 959 17 11 175 12 0 140 3 1
fn=malloc_consolidate
0 3 2 2 1 1 1 0 0 0
fn=malloc_hook_ini
0 11 2 2 3 2 1 3 0 0
fn=malloc_init_state
0 646 2 2 1 0 0 257 33 32
fn=map_doit
0 14 2 2 5 0 0 3 1 1
fn=match_symbol
0 3159 5 5 1188 47 45 243 2 2
fn=memchr
0 8 1 1 3 0 0 0 0 0
fn=memcpy
0 582 6 6 167 12 6 124 29 28
fn=memcpy@@GLIBC_2.14
0 16 4 4 4 0 0 0 0 0
fn=memmove
0 32 4 4 8 3 0 0 0 0
fn=mempcpy
0 52 4 4 4 0 0 0 0 0
fn=memrchr
0 8 2 2 3 0 0 0 0 0
fn=memset
0 724 7 5 23 0 0 286 61 61
fn=mmap
0 591 5 5 124 0 0 102 3 3
fn=mprotect
0 60 0 0 12 0 0 0 0 0
fn=munmap
0 5 1 1 1 0 0 0 0 0
fn=naive_tensor_walker::move_down()
0 84450 2 2 34800 4779 0 9900 0 0
fn=naive_tensor_walker::move_in()
0 7425000 0 0 3465000 475351 0 990000 0 0
fn=naive_tensor_walker::move_out()
0 7920000 1 1 3465000 469680 0 990000 0 0
fn=naive_tensor_walker::move_right()
0 1788 2 2 696 6 0 198 0 0
fn=naive_tensor_walker::move_up()
0 79400 0 0 34750 4738 0 9900 0 0
fn=naive_tensor_walker::naive_tensor_walker(int)
0 16 2 2 2 0 0 8 0 0
fn=naive_tensor_walker::set_default()
0 14060416 3 3 2020006 1 0 1000004 62500 62500
fn=naive_tensor_walker::size()
0 1020302 0 0 1020302 0 0 0 0 0
fn=naive_tensor_walker::teleport(int, int, int)
0 13 1 1 4 1 0 4 0 0
fn=new_do_write
0 165 5 5 48 1 0 39 1 0
fn=newlocale
0 49 5 5 14 1 1 7 0 0
fn=open
0 96 2 2 6 0 0 6 1 1
fn=open_verify.constprop.7
0 927 15 15 239 19 19 75 2 2
fn=openaux
0 204 1 1 96 0 0 36 0 0
fn=operator new(unsigned long)
0 11 1 1 2 0 0 2 0 0
fn=ptmalloc_init.part.1
0 90 9 9 15 7 2 18 2 0
fn=putc
0 11 2 2 3 0 0 0 0 0
fn=rawmemchr
0 8 1 1 3 0 0 0 0 0
fn=read
0 30 1 1 5 0 0 0 0 0
fn=rindex
0 8 1 1 3 0 0 0 0 0
fn=rint
0 5 1 1 3 0 0 0 0 0
fn=rintf
0 5 2 2 3 0 0 0 0 0
fn=rtld_lock_default_lock_recursive
0 260 3 1 260 4 1 0 0 0
fn=rtld_lock_default_unlock_recursive
0 260 0 0 260 1 0 0 0 0
fn=sbrk
0 65 6 6 19 3 1 10 1 0
fn=sin
0 8 1 1 3 0 0 0 0 0
fn=std::_V2::error_category::~error_category()
0 3 0 0 3 0 0 0 0 0
fn=std::__cxx11::messages<char>::messages(unsigned long)
0 19 2 2 4 0 0 8 0 0
fn=std::__cxx11::messages<wchar_t>::messages(unsigned long)
0 19 2 2 4 1 0 8 1 1
fn=std::__cxx11::moneypunct<char, false>::_M_initialize_moneypunct(__locale_struct*, char const*)
0 121 6 6 48 2 1 31 0 0
fn=std::__cxx11::moneypunct<char, true>::_M_initialize_moneypunct(__locale_struct*, char const*)
0 121 6 6 48 0 0 31 0 0
fn=std::__cxx11::moneypunct<wchar_t, false>::_M_initialize_moneypunct(__locale_struct*, char const*)
0 129 5 5 51 0 0 32 0 0
fn=std::__cxx11::moneypunct<wchar_t, true>::_M_initialize_moneypunct(__locale_struct*, char const*)
0 129 7 7 51 0 0 32 0 0
fn=std::__cxx11::numpunct<char>::_M_initialize_numpunct(__locale_struct*)
0 417 6 6 143 5 2 75 0 0
fn=std::__cxx11::numpunct<wchar_t>::_M_initialize_numpunct(__locale_struct*)
0 347 5 5 73 1 0 74 3 3
fn=std::__timepunct<char>::_M_initialize_timepunct(__locale_struct*)
0 105 13 13 6 0 0 52 0 0
fn=std::__timepunct<char>::__timepunct(std::__timepunct_cache<char>*, unsigned long)
0 22 2 2 4 0 0 9 0 0
fn=std::__timepunct<wchar_t>::_M_initialize_timepunct(__locale_struct*)
0 103 11 11 5 0 0 51 0 0
fn=std::__timepunct<wchar_t>::__timepunct(std::__timepunct_cache<wchar_t>*, unsigned long)
0 22 2 2 4 1 0 9 1 1
fn=std::basic_ios<char, std::char_traits<char> >::_M_cache_locale(std::locale const&)
0 120 3 3 12 0 0 44 0 0
fn=std::basic_ios<char, std::char_traits<char> >::init(std::basic_streambuf<char, std::char_traits<char> >*)
0 88 2 2 12 0 0 40 0 0
fn=std::basic_ios<wchar_t, std::char_traits<wchar_t> >::_M_cache_locale(std::locale const&)
0 120 2 2 12 0 0 44 0 0
fn=std::basic_ios<wchar_t, std::char_traits<wchar_t> >::init(std::basic_streambuf<wchar_t, std::char_traits<wchar_t> >*)
0 88 3 3 12 0 0 40 0 0
fn=std::basic_ostream<char, std::char_traits<char> >& std::__ostream_insert<char, std::char_traits<char> >(std::basic_ostream<char, std::char_traits<char> >&, char const*, long)
0 51 4 4 20 1 0 13 0 0
fn=std::basic_ostream<char, std::char_traits<char> >& std::endl<char, std::char_traits<char> >(std::basic_ostream<char, std::char_traits<char> >&)
0 25 2 2 9 1 0 4 0 0
fn=std::basic_ostream<wchar_t, std::char_traits<wchar_t> >::flush()
0 42 2 2 21 10 0 6 0 0
fn=std::codecvt<char, char, __mbstate_t>::codecvt(unsigned long)
0 17 2 2 4 0 0 6 1 1
fn=std::codecvt<wchar_t, char, __mbstate_t>::codecvt(unsigned long)
0 17 2 2 4 0 0 6 2 2
fn=std::ctype<char> const& std::use_facet<std::ctype<char> >(std::locale const&)
0 76 2 2 36 0 0 12 0 0
fn=std::ctype<char>::_M_widen_init() const
0 1085 7 6 26 2 0 278 4 0
fn=std::ctype<char>::ctype(unsigned short const*, bool, unsigned long)
0 114 4 4 8 1 0 79 9 9
fn=std::ctype<wchar_t> const& std::use_facet<std::ctype<wchar_t> >(std::locale const&)
0 76 2 2 36 0 0 12 0 0
fn=std::ctype<wchar_t>::_M_convert_to_wmask(unsigned short) const
0 137 6 6 12 0 0 0 0 0
fn=std::ctype<wchar_t>::_M_initialize_ctype()
0 2775 4 4 5 0 0 810 20 20
fn=std::ctype<wchar_t>::ctype(unsigned long)
0 19 2 2 3 0 0 7 1 1
fn=std::error_category::error_category()
0 8 1 1 4 1 0 2 0 0
fn=std::error_category::~error_category()
0 2 1 0 2 0 0 0 0 0
fn=std::future_category()
0 17 3 3 2 1 1 3 0 0
fn=std::ios_base::Init::Init()
0 291 32 31 50 13 1 175 16 13
fn=std::ios_base::Init::~Init()
0 32 3 3 12 8 0 8 0 0
fn=std::ios_base::_M_init()
0 200 2 2 48 0 0 72 0 0
fn=std::ios_base::ios_base()
0 464 3 3 8 0 0 216 31 26
fn=std::locale::_Impl::_Impl(unsigned long)
0 979 64 64 80 31 1 423 49 49
fn=std::locale::_Impl::_M_install_facet(std::locale::id const*, std::locale::facet const*)
0 10920 6 6 3180 1 0 240 0 0
fn=std::locale::facet::_S_create_c_locale(__locale_struct*&, char const*, __locale_struct*)
0 9 1 1 2 0 0 3 0 0
fn=std::locale::facet::_S_get_c_locale()
0 128 1 1 57 0 0 15 0 0
fn=std::locale::facet::_S_get_c_name()
0 14 1 1 7 0 0 0 0 0
fn=std::locale::id::_M_id() const
0 954 1 1 308 14 4 92 0 0
fn=std::locale::locale()
0 418 2 2 176 0 0 132 2 1
fn=std::locale::operator=(std::locale const&)
0 144 2 2 64 0 0 24 0 0
fn=std::locale::~locale()
0 88 2 2 40 0 0 16 0 0
fn=std::messages<char>::messages(unsigned long)
0 19 2 2 4 0 0 8 0 0
fn=std::messages<wchar_t>::messages(unsigned long)
0 19 2 2 4 0 0 8 1 1
fn=std::moneypunct<char, false>::_M_initialize_moneypunct(__locale_struct*, char const*)
0 121 5 5 48 0 0 31 1 0
fn=std::moneypunct<char, true>::_M_initialize_moneypunct(__locale_struct*, char const*)
0 121 5 5 48 0 0 31 0 0
fn=std::moneypunct<wchar_t, false>::_M_initialize_moneypunct(__locale_struct*, char const*)
0 129 7 7 51 0 0 32 0 0
fn=std::moneypunct<wchar_t, true>::_M_initialize_moneypunct(__locale_struct*, char const*)
0 129 5 5 51 0 0 32 0 0
fn=std::num_get<char, std::istreambuf_iterator<char, std::char_traits<char> > > const& std::use_facet<std::num_get<char, std::istreambuf_iterator<char, std::char_traits<char> > > >(std::locale const&)
0 76 1 1 36 0 0 12 0 0
fn=std::num_get<wchar_t, std::istreambuf_iterator<wchar_t, std::char_traits<wchar_t> > > const& std::use_facet<std::num_get<wchar_t, std::istreambuf_iterator<wchar_t, std::char_traits<wchar_t> > > >(std::locale const&)
0 76 2 2 36 0 0 12 0 0
fn=std::num_put<char, std::ostreambuf_iterator<char, std::char_traits<char> > > const& std::use_facet<std::num_put<char, std::ostreambuf_iterator<char, std::char_traits<char> > > >(std::locale const&)
0 76 2 2 36 0 0 12 0 0
fn=std::num_put<wchar_t, std::ostreambuf_iterator<wchar_t, std::char_traits<wchar_t> > > const& std::use_facet<std::num_put<wchar_t, std::ostreambuf_iterator<wchar_t, std::char_traits<wchar_t> > > >(std::locale const&)
0 76 2 2 36 0 0 12 0 0
fn=std::numpunct<char>::_M_initialize_numpunct(__locale_struct*)
0 417 5 5 143 0 0 75 0 0
fn=std::numpunct<wchar_t>::_M_initialize_numpunct(__locale_struct*)
0 347 5 5 73 0 0 74 0 0
fn=std::ostream::flush()
0 56 1 1 28 9 0 8 0 0
fn=std::ostream::put(char)
0 37 3 3 15 1 0 7 0 0
fn=std::ostream::sentry::sentry(std::ostream&)
0 38 3 3 12 2 0 8 0 0
fn=std::ostream::sentry::~sentry()
0 12 1 1 10 0 0 0 0 0
fn=stpcpy
0 5 1 1 3 0 0 0 0 0
fn=stpncpy
0 5 1 1 3 0 0 0 0 0
fn=strcasecmp
0 6 2 2 3 0 0 0 0 0
fn=strcasecmp_l
0 6 1 1 3 0 0 0 0 0
fn=strcat
0 5 1 1 3 0 0 0 0 0
fn=strchrnul
0 8 1 1 3 0 0 0 0 0
fn=strcmp
0 96345 93 57 21711 269 70 0 0 0
fn=strcpy
0 5 0 0 3 0 0 0 0 0
fn=strcspn
0 229 4 4 107 1 1 34 4 4
fn=strdup
0 85 1 1 10 0 0 20 0 0
fn=strlen
0 694 4 4 100 6 6 0 0 0
fn=strncasecmp
0 6 1 1 3 0 0 0 0 0
fn=strncasecmp_l
0 6 2 2 3 0 0 0 0 0
fn=strncmp
0 8 1 1 4 0 0 0 0 0
fn=strncpy
0 5 2 2 3 0 0 0 0 0
fn=strnlen
0 16 1 1 6 0 0 0 0 0
fn=strpbrk
0 6 0 0 3 0 0 0 0 0
fn=strspn
0 6 1 1 3 0 0 0 0 0
fn=sysmalloc
0 223 26 23 53 6 1 34 5 3
fn=tcache_init.part.5
0 107 4 4 9 0 0 76 8 8
fn=tensor_kji_order(tensor_walker*)
0 7581877 5 5 3020509 2 1 1510256 0 0
fn=time
0 60 3 3 5 1 1 4 0 0
fn=uname
0 5 1 1 1 0 0 0 0 0
fn=uselocale
0 42 2 2 18 4 0 8 0 0
fn=version_check_doit
0 10 0 0 4 0 0 2 0 0
fn=wcschr
0 16 1 1 6 0 0 0 0 0
fn=wcslen
0 8 2 2 3 0 0 0 0 0
fn=wcsnlen
0 7 2 2 3 0 0 0 0 0
fn=wctob
0 3200 2 2 1152 0 0 768 0 0
fn=wctype_l
0 1026 3 3 158 4 0 177 0 0
fn=wmemchr
0 16 2 2 6 0 0 0 0 0
fn=wmemset
0 26 2 2 6 0 0 0 0 0
fn=write
0 27 1 1 6 0 0 0 0 0
summary: 40431158 1648 1547 13603241 968740 7812 4711902 64874 63999
